<?xml version="1.0" encoding="utf-8"?><testsuites name="pytest tests"><testsuite name="pytest" errors="0" failures="0" skipped="0" tests="20" time="3.315" timestamp="2026-06-29T14:43:15.437472+00:00" hostname="agent-env-f2877b87-ffc0-4f9b-8cd7-7a7f7883fa25"><testcase classname="backend.tests.test_last_mile_planner.TestSyncStatus" name="test_sync_status_already_synced" time="0.328" /><testcase classname="backend.tests.test_last_mile_planner.TestPlanEndpoint" name="test_plan_shape" time="0.358" /><testcase classname="backend.tests.test_last_mile_planner.TestPlanEndpoint" name="test_totals_orders_much_larger_after_dedup_change" time="0.000" /><testcase classname="backend.tests.test_last_mile_planner.TestPlanEndpoint" name="test_only_placed_or_confirmed_status" time="0.000" /><testcase classname="backend.tests.test_last_mile_planner.TestPlanEndpoint" name="test_orders_within_delivery_window_and_overdue_correctness" time="0.000" /><testcase classname="backend.tests.test_last_mile_planner.TestPlanEndpoint" name="test_order_ids_unique_across_all_hubs" time="0.000" /><testcase classname="backend.tests.test_last_mile_planner.TestPlanEndpoint" name="test_multi_item_orders_have_item_count_and_joined_toys" time="0.000" /><testcase classname="backend.tests.test_last_mile_planner.TestPlanEndpoint" name="test_today_or_earlier_bucket_in_expected_range" time="0.000" /><testcase classname="backend.tests.test_last_mile_planner.TestPlanEndpoint" name="test_returns_logic_unchanged" time="0.000" /><testcase classname="backend.tests.test_last_mile_planner.TestPlanEndpoint" name="test_plan_empty_far_past" time="0.109" /><testcase classname="backend.tests.test_last_mile_planner.TestPlanEndpoint" name="test_plan_invalid_date" time="0.142" /><testcase classname="backend.tests.test_last_mile_planner.TestPlanExport" name="test_export_all_xlsx_with_items_and_plan_status_columns" time="1.040" /><testcase classname="backend.tests.test_last_mile_planner.TestPlanExport" name="test_export_hub_for_real_hub" time="0.239" /><testcase classname="backend.tests.test_last_mile_planner.TestPlanExport" name="test_export_hub_not_found" time="0.137" /><testcase classname="backend.tests.test_last_mile_planner.TestConfirmation" name="test_structure_and_totals" time="0.193" /><testcase classname="backend.tests.test_last_mile_planner.TestConfirmation" name="test_hub_counts" time="0.000" /><testcase classname="backend.tests.test_last_mile_planner.TestConfirmation" name="test_export_all" time="0.221" /><testcase classname="backend.tests.test_last_mile_planner.TestReturnConfirmation" name="test_shape" time="0.135" /><testcase classname="backend.tests.test_last_mile_planner.TestReturnConfirmation" name="test_every_matching_return_status_in_allowed_set" time="0.000" /><testcase classname="backend.tests.test_last_mile_planner.TestReturnConfirmation" name="test_export" time="0.146" /></testsuite></testsuites>