<?xml version="1.0" encoding="utf-8"?><testsuites name="pytest tests"><testsuite name="pytest" errors="0" failures="0" skipped="0" tests="14" time="14.419" timestamp="2026-06-29T12:20:49.118310+00:00" hostname="agent-env-f2877b87-ffc0-4f9b-8cd7-7a7f7883fa25"><testcase classname="backend.tests.test_last_mile_planner.TestSyncStatus" name="test_sync_status_already_synced" time="0.204" /><testcase classname="backend.tests.test_last_mile_planner.TestSyncEndpoint" name="test_post_sync_default_url" time="11.522" /><testcase classname="backend.tests.test_last_mile_planner.TestPlanEndpoint" name="test_plan_with_data" time="0.300" /><testcase classname="backend.tests.test_last_mile_planner.TestPlanEndpoint" name="test_plan_empty_date" time="0.103" /><testcase classname="backend.tests.test_last_mile_planner.TestPlanEndpoint" name="test_plan_invalid_date" time="0.095" /><testcase classname="backend.tests.test_last_mile_planner.TestPlanExport" name="test_export_all" time="0.525" /><testcase classname="backend.tests.test_last_mile_planner.TestPlanExport" name="test_export_hub_not_found" time="0.129" /><testcase classname="backend.tests.test_last_mile_planner.TestConfirmation" name="test_confirmation_structure" time="0.309" /><testcase classname="backend.tests.test_last_mile_planner.TestConfirmation" name="test_hub_shape_and_counts" time="0.000" /><testcase classname="backend.tests.test_last_mile_planner.TestConfirmation" name="test_ready_orders_are_placed" time="0.000" /><testcase classname="backend.tests.test_last_mile_planner.TestConfirmation" name="test_awaiting_orders_have_pending_returns" time="0.002" /><testcase classname="backend.tests.test_last_mile_planner.TestConfirmationExport" name="test_export_all_confirmation" time="0.333" /><testcase classname="backend.tests.test_last_mile_planner.TestConfirmationExport" name="test_export_hub_confirmation" time="0.509" /><testcase classname="backend.tests.test_last_mile_planner.TestConfirmationExport" name="test_export_hub_confirmation_not_found" time="0.134" /></testsuite></testsuites>